<?xml version="1.0" encoding="UTF-8"?>
<!-- Generated by org.testng.reporters.JUnitXMLReporter -->
<testsuite ignored="0" hostname="IN-DQYZDK3" failures="0" tests="1" name="Test" time="0.039" errors="0" timestamp="2025-05-05T16:13:58 IST">
  <testcase classname="Base.BaseTest" name="@BeforeMethod setup" time="0.004">
    <failure type="java.lang.IllegalAccessError" message="class Base.BaseTest (in unnamed module @0x153f5a29) cannot access class com.sun.tools.sjavac.Log (in module jdk.compiler) because module jdk.compiler does not export com.sun.tools.sjavac to unnamed module @0x153f5a29">
      <![CDATA[java.lang.IllegalAccessError: class Base.BaseTest (in unnamed module @0x153f5a29) cannot access class com.sun.tools.sjavac.Log (in module jdk.compiler) because module jdk.compiler does not export com.sun.tools.sjavac to unnamed module @0x153f5a29
at Base.BaseTest.setup(BaseTest.java:19)
at java.base/java.util.ArrayList.forEach(ArrayList.java:1511)
... Removed 31 stack frames]]>
    </failure>
  </testcase> <!-- @BeforeMethod setup -->
  <testcase classname="Base.BaseTest" name="@AfterMethod tearDown" time="-1.746441838296E9">
    <skipped/>
  </testcase> <!-- @AfterMethod tearDown -->
  <testcase classname="Tests.LoginTest" name="testvalidlogin" time="0.0">
    <skipped/>
  </testcase> <!-- testvalidlogin -->
</testsuite> <!-- Test -->
