<?xml version="1.0" encoding="UTF-8"?>
<testng-results ignored="0" total="1" passed="1" failed="0" skipped="0">
  <reporter-output>
  </reporter-output>
  <suite started-at="2025-05-02T14:17:22 IST" name="Suite" finished-at="2025-05-02T14:17:49 IST" duration-ms="26412">
    <groups>
    </groups>
    <test started-at="2025-05-02T14:17:22 IST" name="Test" finished-at="2025-05-02T14:17:49 IST" duration-ms="26412">
      <class name="Tests.LoginTest">
        <test-method is-config="true" signature="setup()[pri:0, instance:Tests.LoginTest@581ac8a8]" started-at="2025-05-02T14:17:22 IST" name="setup" finished-at="2025-05-02T14:17:47 IST" duration-ms="24081" status="PASS">
          <reporter-output>
          </reporter-output>
        </test-method> <!-- setup -->
        <test-method signature="testvalidlogin()[pri:0, instance:Tests.LoginTest@581ac8a8]" started-at="2025-05-02T14:17:47 IST" name="testvalidlogin" finished-at="2025-05-02T14:17:48 IST" duration-ms="1713" status="PASS">
          <reporter-output>
          </reporter-output>
        </test-method> <!-- testvalidlogin -->
        <test-method is-config="true" signature="tearDown()[pri:0, instance:Tests.LoginTest@581ac8a8]" started-at="2025-05-02T14:17:48 IST" name="tearDown" finished-at="2025-05-02T14:17:49 IST" duration-ms="591" status="PASS">
          <reporter-output>
          </reporter-output>
        </test-method> <!-- tearDown -->
      </class> <!-- Tests.LoginTest -->
    </test> <!-- Test -->
  </suite> <!-- Suite -->
</testng-results>
